\BOOKMARK [0][-]{chapter*.2}{\376\377\000L\036\334\000I\000\040\000G\000I\036\332\000I\000\040\000T\000H\000I\036\306\000U}{}% 1
\BOOKMARK [0][-]{chapter.1}{\376\377\000M\036\336\000\040\001\020\036\246\000U}{}% 2
\BOOKMARK [1][-]{section.1.1}{\376\377\000L\000\355\000\040\000d\000o\000\040\000c\000h\036\315\000n\000\040\001\021\036\301\000\040\000t\000\340\000i}{chapter.1}% 3
\BOOKMARK [2][-]{subsection.1.1.1}{\376\377\000T\000h\036\361\000c\000\040\000t\000r\036\241\000n\000g\000\040\000n\000g\000\340\000n\000h\000\040\000d\001\260\000a\000\040\000h\036\245\000u\000\040\000V\000i\036\307\000t\000\040\000N\000a\000m}{section.1.1}% 4
\BOOKMARK [2][-]{subsection.1.1.2}{\376\377\000N\036\327\000i\000\040\001\021\000a\000u\000\040\000t\036\353\000\040\000p\000h\000\342\000n\000\040\000l\000o\036\241\000i\000\040\000t\000h\036\347\000\040\000c\000\364\000n\000g}{section.1.1}% 5
\BOOKMARK [2][-]{subsection.1.1.3}{\376\377\000R\000\340\000o\000\040\000c\036\243\000n\000\040\000c\036\347\000a\000\040\000c\000\341\000c\000\040\000g\000i\036\243\000i\000\040\000p\000h\000\341\000p\000\040\000h\000i\036\307\000n\000\040\000c\000\363}{section.1.1}% 6
\BOOKMARK [2][-]{subsection.1.1.4}{\376\377\000G\000i\036\243\000i\000\040\000p\000h\000\341\000p\000\040\001\021\036\301\000\040\000x\000u\036\245\000t}{section.1.1}% 7
\BOOKMARK [1][-]{section.1.2}{\376\377\000M\036\345\000c\000\040\000t\000i\000\352\000u}{chapter.1}% 8
\BOOKMARK [2][-]{subsection.1.2.1}{\376\377\000M\036\345\000c\000\040\000t\000i\000\352\000u\000\040\000k\036\371\000\040\000t\000h\000u\036\255\000t}{section.1.2}% 9
\BOOKMARK [2][-]{subsection.1.2.2}{\376\377\000M\036\345\000c\000\040\000t\000i\000\352\000u\000\040\000v\036\301\000\040\000t\001\260\001\241\000n\000g\000\040\000t\000\341\000c\000\040\000n\000g\001\260\036\335\000i\000-\000m\000\341\000y}{section.1.2}% 10
\BOOKMARK [2][-]{subsection.1.2.3}{\376\377\000M\036\345\000c\000\040\000t\000i\000\352\000u\000\040\000l\000a\000n\000\040\000t\036\317\000a}{section.1.2}% 11
\BOOKMARK [1][-]{section.1.3}{\376\377\000K\036\277\000\040\000h\000o\036\241\000c\000h\000\040\000t\000h\036\361\000c\000\040\000h\000i\036\307\000n}{chapter.1}% 12
\BOOKMARK [1][-]{section.1.4}{\376\377\000P\000h\036\241\000m\000\040\000v\000i\000\040\000n\000g\000h\000i\000\352\000n\000\040\000c\036\351\000u}{chapter.1}% 13
\BOOKMARK [2][-]{subsection.1.4.1}{\376\377\000P\000h\036\241\000m\000\040\000v\000i\000\040\001\021\036\321\000i\000\040\000t\001\260\036\343\000n\000g}{section.1.4}% 14
\BOOKMARK [2][-]{subsection.1.4.2}{\376\377\000P\000h\036\241\000m\000\040\000v\000i\000\040\000m\000\364\000i\000\040\000t\000r\001\260\036\335\000n\000g}{section.1.4}% 15
\BOOKMARK [2][-]{subsection.1.4.3}{\376\377\000P\000h\036\241\000m\000\040\000v\000i\000\040\000c\000\364\000n\000g\000\040\000n\000g\000h\036\307}{section.1.4}% 16
\BOOKMARK [2][-]{subsection.1.4.4}{\376\377\000G\000i\036\333\000i\000\040\000h\036\241\000n\000\040\001\021\036\301\000\040\000t\000\340\000i}{section.1.4}% 17
\BOOKMARK [0][-]{chapter.2}{\376\377\000N\036\330\000I\000\040\000D\000U\000N\000G}{}% 18
\BOOKMARK [1][-]{section.2.1}{\376\377\000C\000\341\000n\000h\000\040\000t\000a\000y\000\040\000r\000o\000b\000o\000t\000\040\000c\000\364\000n\000g\000\040\000n\000g\000h\000i\036\307\000p\000\040\000l\000\340\000\040\000g\000\354\000?}{chapter.2}% 19
\BOOKMARK [2][-]{subsection.2.1.1}{\376\377\000K\000h\000\341\000i\000\040\000n\000i\036\307\000m}{section.2.1}% 20
\BOOKMARK [2][-]{subsection.2.1.2}{\376\377\000C\036\245\000u\000\040\000t\036\241\000o\000\040\000c\001\241\000\040\000b\036\243\000n}{section.2.1}% 21
\BOOKMARK [2][-]{subsection.2.1.3}{\376\377\000P\000h\000\342\000n\000\040\000l\000o\036\241\000i\000\040\000t\000h\000e\000o\000\040\000c\036\245\000u\000\040\000h\000\354\000n\000h\000\040\001\021\036\331\000n\000g\000\040\000h\036\315\000c}{section.2.1}% 22
\BOOKMARK [2][-]{subsection.2.1.4}{\376\377\000N\000g\000u\000y\000\352\000n\000\040\000l\000\375\000\040\001\021\000i\036\301\000u\000\040\000k\000h\000i\036\303\000n\000\040\001\021\036\331\000n\000g\000\040\000c\001\241\000\040\000b\001\260\036\333\000c\000\040\000\050\000S\000t\000e\000p\000p\000e\000r\000\040\000M\000o\000t\000o\000r\000\051}{section.2.1}% 23
\BOOKMARK [2][-]{subsection.2.1.5}{\376\377\000C\000N\000C\000\040\000S\000h\000i\000e\000l\000d\000\040\000V\0003\000\040\000v\000\340\000\040\000D\000r\000i\000v\000e\000r\000\040\001\021\036\331\000n\000g\000\040\000c\001\241\000\040\000b\001\260\036\333\000c}{section.2.1}% 24
\BOOKMARK [2][-]{subsection.2.1.6}{\376\377\000C\000\364\000n\000g\000\040\000t\036\257\000c\000\040\000h\000\340\000n\000h\000\040\000t\000r\000\354\000n\000h\000\040\000\050\000L\000i\000m\000i\000t\000\040\000S\000w\000i\000t\000c\000h\000\051}{section.2.1}% 25
\BOOKMARK [2][-]{subsection.2.1.7}{\376\377\000R\000e\000l\000a\000y\000\040\000M\000o\000d\000u\000l\000e\000\040\000v\000\340\000\040\000h\036\307\000\040\000t\000h\036\321\000n\000g\000\040\000h\000\372\000t\000\040\000c\000h\000\342\000n\000\040\000k\000h\000\364\000n\000g}{section.2.1}% 26
\BOOKMARK [2][-]{subsection.2.1.8}{\376\377\000H\036\307\000\040\000t\000h\036\321\000n\000g\000\040\000t\000r\000u\000y\036\301\000n\000\040\001\021\036\331\000n\000g\000\040\000c\001\241\000\040\000k\000h\000\355}{section.2.1}% 27
\BOOKMARK [1][-]{section.2.2}{\376\377\000T\000h\036\313\000\040\000g\000i\000\341\000c\000\040\000m\000\341\000y\000\040\000t\000\355\000n\000h\000\040\000\050\000C\000o\000m\000p\000u\000t\000e\000r\000\040\000V\000i\000s\000i\000o\000n\000\051}{chapter.2}% 28
\BOOKMARK [2][-]{subsection.2.2.1}{\376\377\000K\000h\000\341\000i\000\040\000n\000i\036\307\000m}{section.2.2}% 29
\BOOKMARK [2][-]{subsection.2.2.2}{\376\377\000Q\000u\000y\000\040\000t\000r\000\354\000n\000h\000\040\000x\036\355\000\040\000l\000\375\000\040\036\243\000n\000h\000\040\000t\000r\000o\000n\000g\000\040\000h\036\307\000\040\000t\000h\036\321\000n\000g}{section.2.2}% 30
\BOOKMARK [2][-]{subsection.2.2.3}{\376\377\000C\000\341\000c\000\040\001\021\036\267\000c\000\040\000t\000r\001\260\000n\000g\000\040\000n\000h\036\255\000n\000\040\000d\036\241\000n\000g\000\040\000d\001\260\000a\000\040\000h\036\245\000u}{section.2.2}% 31
\BOOKMARK [1][-]{section.2.3}{\376\377\000M\036\241\000n\000g\000\040\000n\001\241\000-\000r\000o\000n\000\040\000t\000\355\000c\000h\000\040\000c\000h\036\255\000p\000\040\000\050\000C\000N\000N\000\051}{chapter.2}% 32
\BOOKMARK [2][-]{subsection.2.3.1}{\376\377\000K\000h\000\341\000i\000\040\000n\000i\036\307\000m}{section.2.3}% 33
\BOOKMARK [2][-]{subsection.2.3.2}{\376\377\000C\000\341\000c\000\040\000l\036\333\000p\000\040\000c\000h\000\355\000n\000h\000\040\000t\000r\000o\000n\000g\000\040\000C\000N\000N}{section.2.3}% 34
\BOOKMARK [2][-]{subsection.2.3.3}{\376\377\000Q\000u\000\341\000\040\000t\000r\000\354\000n\000h\000\040\000h\000u\036\245\000n\000\040\000l\000u\000y\036\307\000n}{section.2.3}% 35
\BOOKMARK [1][-]{section.2.4}{\376\377\000L\036\255\000p\000\040\000t\000r\000\354\000n\000h\000\040\000k\000\351\000o\000\040\000t\000h\036\243\000\040\000B\000l\000o\000c\000k\000l\000y}{chapter.2}% 36
\BOOKMARK [2][-]{subsection.2.4.1}{\376\377\000G\000i\036\333\000i\000\040\000t\000h\000i\036\307\000u\000\040\000B\000l\000o\000c\000k\000l\000y}{section.2.4}% 37
\BOOKMARK [2][-]{subsection.2.4.2}{\376\377\001\257\000u\000\040\001\021\000i\036\303\000m\000\040\000c\036\347\000a\000\040\000B\000l\000o\000c\000k\000l\000y}{section.2.4}% 38
\BOOKMARK [2][-]{subsection.2.4.3}{\376\377\000C\000\341\000c\000\040\000k\000h\036\321\000i\000\040\000l\036\307\000n\000h\000\040\000t\000\371\000y\000\040\000c\000h\036\311\000n\000h}{section.2.4}% 39
\BOOKMARK [1][-]{section.2.5}{\376\377\000C\000h\000a\000t\000b\000o\000t\000\040\000A\000I\000\040\000t\000r\000o\000n\000g\000\040\000n\000\364\000n\000g\000\040\000n\000g\000h\000i\036\307\000p}{chapter.2}% 40
\BOOKMARK [2][-]{subsection.2.5.1}{\376\377\000X\000u\000\040\000h\001\260\036\333\000n\000g\000\040\036\351\000n\000g\000\040\000d\036\345\000n\000g}{section.2.5}% 41
\BOOKMARK [2][-]{subsection.2.5.2}{\376\377\000M\000\364\000\040\000h\000\354\000n\000h\000\040\000n\000g\000\364\000n\000\040\000n\000g\036\357\000\040\000l\036\333\000n\000\040\000\050\000L\000L\000M\000\051}{section.2.5}% 42
\BOOKMARK [2][-]{subsection.2.5.3}{\376\377\000C\000\341\000c\000\040\000t\000\355\000n\000h\000\040\000n\001\003\000n\000g\000\040\000C\000h\000a\000t\000b\000o\000t}{section.2.5}% 43
\BOOKMARK [1][-]{section.2.6}{\376\377\000G\000i\000a\000o\000\040\000t\000h\036\351\000c\000\040\000t\000r\000u\000y\036\301\000n\000\040\000t\000h\000\364\000n\000g}{chapter.2}% 44
\BOOKMARK [2][-]{subsection.2.6.1}{\376\377\000S\000e\000r\000i\000a\000l\000\040\000C\000o\000m\000m\000u\000n\000i\000c\000a\000t\000i\000o\000n\000\040\000\050\000U\000A\000R\000T\000\051}{section.2.6}% 45
\BOOKMARK [2][-]{subsection.2.6.2}{\376\377\000W\000e\000b\000S\000o\000c\000k\000e\000t}{section.2.6}% 46
\BOOKMARK [2][-]{subsection.2.6.3}{\376\377\000R\000E\000S\000T\000\040\000A\000P\000I}{section.2.6}% 47
\BOOKMARK [1][-]{section.2.7}{\376\377\000V\000a\000i\000\040\000t\000r\000\362\000\040\000v\000\340\000\040\036\351\000n\000g\000\040\000d\036\345\000n\000g\000\040\000c\036\347\000a\000\040\000c\000\341\000n\000h\000\040\000t\000a\000y\000\040\000r\000o\000b\000o\000t}{chapter.2}% 48
\BOOKMARK [2][-]{subsection.2.7.1}{\376\377\000V\000a\000i\000\040\000t\000r\000\362\000\040\000t\000r\000o\000n\000g\000\040\000c\000\364\000n\000g\000\040\000n\000g\000h\000i\036\307\000p\000\040\000h\000i\036\307\000n\000\040\001\021\036\241\000i}{section.2.7}% 49
\BOOKMARK [2][-]{subsection.2.7.2}{\376\377\036\350\000n\000g\000\040\000d\036\345\000n\000g\000\040\000t\000r\000o\000n\000g\000\040\000n\000\364\000n\000g\000\040\000n\000g\000h\000i\036\307\000p}{section.2.7}% 50
\BOOKMARK [1][-]{section.2.8}{\376\377\000T\000h\000\341\000c\000h\000\040\000t\000h\036\351\000c\000\040\000v\000\340\000\040\000t\001\260\001\241\000n\000g\000\040\000l\000a\000i}{chapter.2}% 51
\BOOKMARK [2][-]{subsection.2.8.1}{\376\377\000N\000h\036\357\000n\000g\000\040\000t\000h\000\341\000c\000h\000\040\000t\000h\036\351\000c\000\040\000h\000i\036\307\000n\000\040\000t\036\241\000i}{section.2.8}% 52
\BOOKMARK [2][-]{subsection.2.8.2}{\376\377\000X\000u\000\040\000h\001\260\036\333\000n\000g\000\040\000t\001\260\001\241\000n\000g\000\040\000l\000a\000i}{section.2.8}% 53
\BOOKMARK [2][-]{subsection.2.8.3}{\376\377\001\020\000\363\000n\000g\000\040\000g\000\363\000p\000\040\000c\036\347\000a\000\040\001\021\036\301\000\040\000t\000\340\000i}{section.2.8}% 54
\BOOKMARK [0][-]{chapter.3}{\376\377\000T\000R\000\314\000N\000H\000\040\000B\000\300\000Y\000\040\000S\036\242\000N\000\040\000P\000H\036\250\000M}{}% 55
\BOOKMARK [1][-]{section.3.1}{\376\377\000N\000g\000u\000y\000\352\000n\000\040\000l\000i\036\307\000u\000\040\000v\000\340\000\040\000d\036\345\000n\000g\000\040\000c\036\345\000\040\000c\000h\036\277\000\040\000t\036\241\000o}{chapter.3}% 56
\BOOKMARK [2][-]{subsection.3.1.1}{\376\377\000T\036\325\000n\000g\000\040\000q\000u\000a\000n\000\040\000k\000i\036\277\000n\000\040\000t\000r\000\372\000c\000\040\000h\036\307\000\040\000t\000h\036\321\000n\000g}{section.3.1}% 57
\BOOKMARK [2][-]{subsection.3.1.2}{\376\377\000D\000a\000n\000h\000\040\000s\000\341\000c\000h\000\040\000l\000i\000n\000h\000\040\000k\000i\036\307\000n}{section.3.1}% 58
\BOOKMARK [2][-]{subsection.3.1.3}{\376\377\000T\000h\000i\036\277\000t\000\040\000k\036\277\000\040\000k\000h\000u\000n\000g\000\040\000r\000o\000b\000o\000t\000\040\000\050\000i\000n\000\040\0003\000D\000\051}{section.3.1}% 59
\BOOKMARK [2][-]{subsection.3.1.4}{\376\377\000S\001\241\000\040\001\021\036\323\000\040\000k\036\277\000t\000\040\000n\036\321\000i\000\040\001\021\000i\036\307\000n}{section.3.1}% 60
\BOOKMARK [1][-]{section.3.2}{\376\377\000C\000\341\000c\000\040\000b\001\260\036\333\000c\000\040\000t\000h\036\361\000c\000\040\000h\000i\036\307\000n}{chapter.3}% 61
\BOOKMARK [2][-]{subsection.3.2.1}{\376\377\000X\000\342\000y\000\040\000d\036\361\000n\000g\000\040\000p\000h\036\247\000n\000\040\000m\036\301\000m\000\040\000B\000a\000c\000k\000e\000n\000d}{section.3.2}% 62
\BOOKMARK [2][-]{subsection.3.2.2}{\376\377\000X\000\342\000y\000\040\000d\036\361\000n\000g\000\040\000M\000o\000b\000i\000l\000e\000\040\000A\000p\000p}{section.3.2}% 63
\BOOKMARK [2][-]{subsection.3.2.3}{\376\377\000L\036\255\000p\000\040\000t\000r\000\354\000n\000h\000\040\000A\000r\000d\000u\000i\000n\000o\000\040\000F\000i\000r\000m\000w\000a\000r\000e}{section.3.2}% 64
\BOOKMARK [0][-]{chapter.4}{\376\377\000K\036\276\000T\000\040\000L\000U\036\254\000N}{}% 65
\BOOKMARK [1][-]{section.4.1}{\376\377\000K\036\277\000t\000\040\000q\000u\036\243\000\040\001\021\036\241\000t\000\040\001\021\001\260\036\343\000c}{chapter.4}% 66
\BOOKMARK [2][-]{subsection.4.1.1}{\376\377\000V\036\301\000\040\000m\036\267\000t\000\040\000k\036\371\000\040\000t\000h\000u\036\255\000t}{section.4.1}% 67
\BOOKMARK [2][-]{subsection.4.1.2}{\376\377\000V\036\301\000\040\000m\036\267\000t\000\040\036\351\000n\000g\000\040\000d\036\345\000n\000g\000\040\000t\000h\036\361\000c\000\040\000t\000i\036\305\000n}{section.4.1}% 68
\BOOKMARK [2][-]{subsection.4.1.3}{\376\377\000V\036\301\000\040\000m\036\267\000t\000\040\000g\000i\000\341\000o\000\040\000d\036\345\000c\000\040\000v\000\340\000\040\000l\000a\000n\000\040\000t\036\317\000a}{section.4.1}% 69
\BOOKMARK [1][-]{section.4.2}{\376\377\000H\036\241\000n\000\040\000c\000h\036\277}{chapter.4}% 70
\BOOKMARK [2][-]{subsection.4.2.1}{\376\377\000H\036\241\000n\000\040\000c\000h\036\277\000\040\000v\036\301\000\040\000p\000h\036\247\000n\000\040\000c\036\351\000n\000g}{section.4.2}% 71
\BOOKMARK [2][-]{subsection.4.2.2}{\376\377\000H\036\241\000n\000\040\000c\000h\036\277\000\040\000v\036\301\000\040\000p\000h\036\247\000n\000\040\000m\036\301\000m}{section.4.2}% 72
\BOOKMARK [2][-]{subsection.4.2.3}{\376\377\000H\036\241\000n\000\040\000c\000h\036\277\000\040\000v\036\301\000\040\000t\000r\000i\036\303\000n\000\040\000k\000h\000a\000i\000\040\000t\000h\036\361\000c\000\040\000t\036\277}{section.4.2}% 73
\BOOKMARK [1][-]{section.4.3}{\376\377\000H\001\260\036\333\000n\000g\000\040\000p\000h\000\341\000t\000\040\000t\000r\000i\036\303\000n}{chapter.4}% 74
\BOOKMARK [2][-]{subsection.4.3.1}{\376\377\000C\036\243\000i\000\040\000t\000i\036\277\000n\000\040\000n\000g\036\257\000n\000\040\000h\036\241\000n\000\040\000\050\0003\000-\0006\000\040\000t\000h\000\341\000n\000g\000\051}{section.4.3}% 75
\BOOKMARK [2][-]{subsection.4.3.2}{\376\377\000P\000h\000\341\000t\000\040\000t\000r\000i\036\303\000n\000\040\000t\000r\000u\000n\000g\000\040\000h\036\241\000n\000\040\000\050\0006\000-\0001\0002\000\040\000t\000h\000\341\000n\000g\000\051}{section.4.3}% 76
\BOOKMARK [2][-]{subsection.4.3.3}{\376\377\000T\036\247\000m\000\040\000n\000h\000\354\000n\000\040\000d\000\340\000i\000\040\000h\036\241\000n\000\040\000\050\0001\000-\0003\000\040\000n\001\003\000m\000\051}{section.4.3}% 77
\BOOKMARK [2][-]{subsection.4.3.4}{\376\377\001\020\000\363\000n\000g\000\040\000g\000\363\000p\000\040\000c\000h\000o\000\040\000c\036\331\000n\000g\000\040\001\021\036\323\000n\000g}{section.4.3}% 78
\BOOKMARK [1][-]{section.4.4}{\376\377\000L\036\335\000i\000\040\000k\036\277\000t}{chapter.4}% 79
\BOOKMARK [0][-]{appendix.A}{\376\377\000P\000H\036\344\000\040\000L\036\344\000C}{}% 80
\BOOKMARK [1][-]{section.A.1}{\376\377\000M\000\343\000\040\000n\000g\000u\036\323\000n\000\040\000A\000r\000d\000u\000i\000n\000o\000\040\000\050\000t\000r\000\355\000c\000h\000\051}{appendix.A}% 81
\BOOKMARK [1][-]{section.A.2}{\376\377\000C\036\245\000u\000\040\000h\000\354\000n\000h\000\040\000B\000a\000c\000k\000e\000n\000d\000\040\000P\000y\000t\000h\000o\000n\000\040\000\050\000t\000r\000\355\000c\000h\000\051}{appendix.A}% 82
\BOOKMARK [1][-]{section.A.3}{\376\377\000D\000a\000n\000h\000\040\000s\000\341\000c\000h\000\040\000k\000h\036\321\000i\000\040\000B\000l\000o\000c\000k\000l\000y}{appendix.A}% 83
\BOOKMARK [1][-]{section.A.4}{\376\377\000S\001\241\000\040\001\021\036\323\000\040\000c\000h\000\342\000n\000\040\000C\000N\000C\000\040\000S\000h\000i\000e\000l\000d\000\040\000V\0003}{appendix.A}% 84
\BOOKMARK [0][-]{table.A.2}{\376\377\000T\000\300\000I\000\040\000L\000I\036\306\000U\000\040\000T\000H\000A\000M\000\040\000K\000H\036\242\000O}{}% 85
